<?xml version="1.0" encoding="utf-8"?>
<TestRun id="ebed2130-6f84-4490-94cd-431dd2ecd82e" name="tkinu@ALDAN_GEN14 2026-07-15 06:21:28" runUser="ALDAN_GEN14\tkinu" xmlns="http://microsoft.com/schemas/VisualStudio/TeamTest/2010">
  <Times creation="2026-07-15T06:21:28.8110603+09:00" queuing="2026-07-15T06:21:28.8110604+09:00" start="2026-07-15T06:21:27.5164425+09:00" finish="2026-07-15T06:21:29.2458809+09:00" />
  <TestSettings name="default" id="daaa3882-1316-4572-bdb5-be6c3522a26f">
    <Deployment runDeploymentRoot="tkinu_ALDAN_GEN14_2026-07-15_06_21_28" />
  </TestSettings>
  <Results>
    <UnitTestResult executionId="3d41785a-d6ca-472d-b650-aeeb384f1142" testId="fea1a8b9-ef87-bbac-bd81-a363fcae2344" testName="MusicFolderTimeFitter.Tests.RemainingTimeCalculatorTests.TryParseTargetTime_有効な入力はパースされる(input: &quot; 730 &quot;, hour: 7, minute: 30)" computerName="ALDAN_GEN14" duration="00:00:00.0003059" startTime="2026-07-15T06:21:28.8770777+09:00" endTime="2026-07-15T06:21:28.8772927+09:00" testType="13cdc9d9-ddb5-4fa4-a97d-d965ccfc6d4b" outcome="Passed" testListId="8c84fa94-04c1-424b-9868-57a2d4851a1d" relativeResultsDirectory="3d41785a-d6ca-472d-b650-aeeb384f1142" />
    <UnitTestResult executionId="802db759-679f-4d0c-9bfd-e6f9122450f8" testId="87a28666-b842-a96f-f182-ccd16866fa1e" testName="MusicFolderTimeFitter.Tests.RepresentativeValueSelectorTests.SelectYear_全てゼロの場合はnull" computerName="ALDAN_GEN14" duration="00:00:00.0001381" startTime="2026-07-15T06:21:28.7963452+09:00" endTime="2026-07-15T06:21:28.7963731+09:00" testType="13cdc9d9-ddb5-4fa4-a97d-d965ccfc6d4b" outcome="Passed" testListId="8c84fa94-04c1-424b-9868-57a2d4851a1d" relativeResultsDirectory="802db759-679f-4d0c-9bfd-e6f9122450f8" />
    <UnitTestResult executionId="226e8328-6da0-46a1-8188-2359c630359c" testId="54cee3cf-b205-6d91-4527-a7baa0916670" testName="MusicFolderTimeFitter.Tests.RemainingTimeCalculatorTests.TryParseTargetTime_有効な入力はパースされる(input: &quot;0730&quot;, hour: 7, minute: 30)" computerName="ALDAN_GEN14" duration="00:00:00.0000015" startTime="2026-07-15T06:21:28.8782519+09:00" endTime="2026-07-15T06:21:28.8782790+09:00" testType="13cdc9d9-ddb5-4fa4-a97d-d965ccfc6d4b" outcome="Passed" testListId="8c84fa94-04c1-424b-9868-57a2d4851a1d" relativeResultsDirectory="226e8328-6da0-46a1-8188-2359c630359c" />
    <UnitTestResult executionId="39bd9b26-7099-4929-9ea0-7e8b2d5243a8" testId="f4659849-0251-b651-c7cc-03e028a6673f" testName="MusicFolderTimeFitter.Tests.RemainingTimeCalculatorTests.TryParseTargetTime_不正な入力は失敗する(input: &quot;abc&quot;)" computerName="ALDAN_GEN14" duration="00:00:00.0000066" startTime="2026-07-15T06:21:28.8741956+09:00" endTime="2026-07-15T06:21:28.8742214+09:00" testType="13cdc9d9-ddb5-4fa4-a97d-d965ccfc6d4b" outcome="Passed" testListId="8c84fa94-04c1-424b-9868-57a2d4851a1d" relativeResultsDirectory="39bd9b26-7099-4929-9ea0-7e8b2d5243a8" />
    <UnitTestResult executionId="cd0a87c2-b654-4c39-89a5-b9331b7af740" testId="c6e11baa-ae97-bd34-c17c-527674286fc2" testName="MusicFolderTimeFitter.Tests.MusicFolderScannerTests.ScanAsync_フォルダー単位で集計されサブフォルダーは独立単位になる" computerName="ALDAN_GEN14" duration="00:00:00.0023168" startTime="2026-07-15T06:21:28.8014501+09:00" endTime="2026-07-15T06:21:28.8015149+09:00" testType="13cdc9d9-ddb5-4fa4-a97d-d965ccfc6d4b" outcome="Passed" testListId="8c84fa94-04c1-424b-9868-57a2d4851a1d" relativeResultsDirectory="cd0a87c2-b654-4c39-89a5-b9331b7af740" />
    <UnitTestResult executionId="6098123c-7726-456c-a5a1-5f5786d2482c" testId="118a9a83-1d63-de7e-3b29-30f6fae4cedc" testName="MusicFolderTimeFitter.Tests.RepresentativeValueSelectorTests.SelectYear_同数タイは最古の年が選定される" computerName="ALDAN_GEN14" duration="00:00:00.0001253" startTime="2026-07-15T06:21:28.7965944+09:00" endTime="2026-07-15T06:21:28.7966226+09:00" testType="13cdc9d9-ddb5-4fa4-a97d-d965ccfc6d4b" outcome="Passed" testListId="8c84fa94-04c1-424b-9868-57a2d4851a1d" relativeResultsDirectory="6098123c-7726-456c-a5a1-5f5786d2482c" />
    <UnitTestResult executionId="c575bab8-a034-422d-8c89-43cadd5bd29c" testId="b1a8c0bd-8b03-417c-46f3-8bc900cc630e" testName="MusicFolderTimeFitter.Tests.RemainingTimeCalculatorTests.TryParseTargetTime_不正な入力は失敗する(input: &quot;2560&quot;)" computerName="ALDAN_GEN14" duration="00:00:00.1121382" startTime="2026-07-15T06:21:28.7951915+09:00" endTime="2026-07-15T06:21:28.8732383+09:00" testType="13cdc9d9-ddb5-4fa4-a97d-d965ccfc6d4b" outcome="Passed" testListId="8c84fa94-04c1-424b-9868-57a2d4851a1d" relativeResultsDirectory="c575bab8-a034-422d-8c89-43cadd5bd29c" />
    <UnitTestResult executionId="2ad6bc53-d888-485f-8d24-1aa237e63153" testId="926e27c9-1a02-0eee-1e2d-6afa2af5fd6a" testName="MusicFolderTimeFitter.Tests.RepresentativeValueSelectorTests.SelectString_空の入力はnull" computerName="ALDAN_GEN14" duration="00:00:00.0030219" startTime="2026-07-15T06:21:28.7657325+09:00" endTime="2026-07-15T06:21:28.7771605+09:00" testType="13cdc9d9-ddb5-4fa4-a97d-d965ccfc6d4b" outcome="Passed" testListId="8c84fa94-04c1-424b-9868-57a2d4851a1d" relativeResultsDirectory="2ad6bc53-d888-485f-8d24-1aa237e63153" />
    <UnitTestResult executionId="314d5cb4-476c-4232-af7e-517589e32a9e" testId="fa436a93-51a5-0ae3-ce59-e4bcbe50bdd8" testName="MusicFolderTimeFitter.Tests.RemainingTimeCalculatorTests.FromTargetTime_過去の時刻はnull" computerName="ALDAN_GEN14" duration="00:00:00.0000788" startTime="2026-07-15T06:21:28.8793174+09:00" endTime="2026-07-15T06:21:28.8793421+09:00" testType="13cdc9d9-ddb5-4fa4-a97d-d965ccfc6d4b" outcome="Passed" testListId="8c84fa94-04c1-424b-9868-57a2d4851a1d" relativeResultsDirectory="314d5cb4-476c-4232-af7e-517589e32a9e" />
    <UnitTestResult executionId="67b665a1-652e-49d4-8561-9152fab0eccb" testId="6e78d3a8-e1e3-fea7-3f99-a75d1e42c6df" testName="MusicFolderTimeFitter.Tests.RemainingTimeCalculatorTests.TryParseTargetTime_有効な入力はパースされる(input: &quot;18:30&quot;, hour: 18, minute: 30)" computerName="ALDAN_GEN14" duration="00:00:00.0014208" startTime="2026-07-15T06:21:28.8762032+09:00" endTime="2026-07-15T06:21:28.8767950+09:00" testType="13cdc9d9-ddb5-4fa4-a97d-d965ccfc6d4b" outcome="Passed" testListId="8c84fa94-04c1-424b-9868-57a2d4851a1d" relativeResultsDirectory="67b665a1-652e-49d4-8561-9152fab0eccb" />
    <UnitTestResult executionId="410e6ca4-f403-4087-ac7c-66bdc23393ec" testId="705961e5-ca7f-f3c7-b68d-f56f3792bdf0" testName="MusicFolderTimeFitter.Tests.RemainingTimeCalculatorTests.TryParseTargetTime_不正な入力は失敗する(input: &quot;73&quot;)" computerName="ALDAN_GEN14" duration="00:00:00.0003388" startTime="2026-07-15T06:21:28.7945415+09:00" endTime="2026-07-15T06:21:28.7945790+09:00" testType="13cdc9d9-ddb5-4fa4-a97d-d965ccfc6d4b" outcome="Passed" testListId="8c84fa94-04c1-424b-9868-57a2d4851a1d" relativeResultsDirectory="410e6ca4-f403-4087-ac7c-66bdc23393ec" />
    <UnitTestResult executionId="f292d46c-d833-4ea9-8b5e-c5b56372c388" testId="c590002a-e2cc-3531-92ff-fe0c15d1361a" testName="MusicFolderTimeFitter.Tests.RemainingTimeCalculatorTests.FromTargetTime_未来の時刻は差分が返る" computerName="ALDAN_GEN14" duration="00:00:00.0000721" startTime="2026-07-15T06:21:28.8790094+09:00" endTime="2026-07-15T06:21:28.8790391+09:00" testType="13cdc9d9-ddb5-4fa4-a97d-d965ccfc6d4b" outcome="Passed" testListId="8c84fa94-04c1-424b-9868-57a2d4851a1d" relativeResultsDirectory="f292d46c-d833-4ea9-8b5e-c5b56372c388" />
    <UnitTestResult executionId="5c1af459-8494-4a41-aaaf-f445301176ea" testId="ab819f24-cef5-b6d8-65f2-31a7cbe040c1" testName="MusicFolderTimeFitter.Tests.RepresentativeValueSelectorTests.SelectString_値なしは母数から除外される" computerName="ALDAN_GEN14" duration="00:00:00.0013820" startTime="2026-07-15T06:21:28.7968448+09:00" endTime="2026-07-15T06:21:28.7968694+09:00" testType="13cdc9d9-ddb5-4fa4-a97d-d965ccfc6d4b" outcome="Passed" testListId="8c84fa94-04c1-424b-9868-57a2d4851a1d" relativeResultsDirectory="5c1af459-8494-4a41-aaaf-f445301176ea" />
    <UnitTestResult executionId="82a9f371-835e-4632-a159-d176edf9bb35" testId="fa7c3724-21e9-c8ec-052b-bf4f682d71cc" testName="MusicFolderTimeFitter.Tests.RepresentativeValueSelectorTests.SelectYear_値なしのゼロは母数から除外される" computerName="ALDAN_GEN14" duration="00:00:00.0087729" startTime="2026-07-15T06:21:28.7930896+09:00" endTime="2026-07-15T06:21:28.7960221+09:00" testType="13cdc9d9-ddb5-4fa4-a97d-d965ccfc6d4b" outcome="Passed" testListId="8c84fa94-04c1-424b-9868-57a2d4851a1d" relativeResultsDirectory="82a9f371-835e-4632-a159-d176edf9bb35" />
    <UnitTestResult executionId="d1ac71db-3cf3-476d-bda4-4363b24f61b1" testId="6acb94c3-9070-d7ed-9094-17d56de9ad67" testName="MusicFolderTimeFitter.Tests.MusicFolderScannerTests.ScanAsync_ルート直下のファイルも集計単位になる" computerName="ALDAN_GEN14" duration="00:00:00.0025851" startTime="2026-07-15T06:21:28.7999490+09:00" endTime="2026-07-15T06:21:28.7999856+09:00" testType="13cdc9d9-ddb5-4fa4-a97d-d965ccfc6d4b" outcome="Passed" testListId="8c84fa94-04c1-424b-9868-57a2d4851a1d" relativeResultsDirectory="d1ac71db-3cf3-476d-bda4-4363b24f61b1" />
    <UnitTestResult executionId="e077cb65-e6e1-4efc-b7f0-0f7d9930c17e" testId="b686b197-a061-63c5-08a3-f5703b18a764" testName="MusicFolderTimeFitter.Tests.MusicFolderScannerTests.ScanAsync_進捗が通知される" computerName="ALDAN_GEN14" duration="00:00:00.0160496" startTime="2026-07-15T06:21:28.7667614+09:00" endTime="2026-07-15T06:21:28.7992279+09:00" testType="13cdc9d9-ddb5-4fa4-a97d-d965ccfc6d4b" outcome="Passed" testListId="8c84fa94-04c1-424b-9868-57a2d4851a1d" relativeResultsDirectory="e077cb65-e6e1-4efc-b7f0-0f7d9930c17e" />
    <UnitTestResult executionId="484e301b-2679-452a-bfcb-420ddcefb9a3" testId="27bdd05b-ca9e-0a73-733e-41e9f915beae" testName="MusicFolderTimeFitter.Tests.RepresentativeValueSelectorTests.SelectString_同数タイは最小値が選定される" computerName="ALDAN_GEN14" duration="00:00:00.0001243" startTime="2026-07-15T06:21:28.7981281+09:00" endTime="2026-07-15T06:21:28.7981681+09:00" testType="13cdc9d9-ddb5-4fa4-a97d-d965ccfc6d4b" outcome="Passed" testListId="8c84fa94-04c1-424b-9868-57a2d4851a1d" relativeResultsDirectory="484e301b-2679-452a-bfcb-420ddcefb9a3" />
    <UnitTestResult executionId="e4a7763c-3379-4065-b06e-38ddf2995950" testId="39702f80-828a-fa6d-cba0-241b581d389f" testName="MusicFolderTimeFitter.Tests.MusicFolderScannerTests.ScanAsync_対象外拡張子は集計されない" computerName="ALDAN_GEN14" duration="00:00:00.0016854" startTime="2026-07-15T06:21:28.8005742+09:00" endTime="2026-07-15T06:21:28.8006344+09:00" testType="13cdc9d9-ddb5-4fa4-a97d-d965ccfc6d4b" outcome="Passed" testListId="8c84fa94-04c1-424b-9868-57a2d4851a1d" relativeResultsDirectory="e4a7763c-3379-4065-b06e-38ddf2995950" />
    <UnitTestResult executionId="2c7b3d08-4e91-44cd-a002-42df0d98837d" testId="42e39fac-8cc2-da80-1ae4-f7da9fd86b31" testName="MusicFolderTimeFitter.Tests.RemainingTimeCalculatorTests.FromDurationMinutes_正の分数は変換される" computerName="ALDAN_GEN14" duration="00:00:00.0001137" startTime="2026-07-15T06:21:28.8786208+09:00" endTime="2026-07-15T06:21:28.8786550+09:00" testType="13cdc9d9-ddb5-4fa4-a97d-d965ccfc6d4b" outcome="Passed" testListId="8c84fa94-04c1-424b-9868-57a2d4851a1d" relativeResultsDirectory="2c7b3d08-4e91-44cd-a002-42df0d98837d" />
    <UnitTestResult executionId="54c45286-4f79-4d3e-a5c9-69829b0ccbfe" testId="fccf62b6-578f-9141-b334-72d24fc3ae8c" testName="MusicFolderTimeFitter.Tests.RemainingTimeCalculatorTests.TryParseTargetTime_不正な入力は失敗する(input: &quot;12345&quot;)" computerName="ALDAN_GEN14" duration="00:00:00.0000159" startTime="2026-07-15T06:21:28.8738708+09:00" endTime="2026-07-15T06:21:28.8739068+09:00" testType="13cdc9d9-ddb5-4fa4-a97d-d965ccfc6d4b" outcome="Passed" testListId="8c84fa94-04c1-424b-9868-57a2d4851a1d" relativeResultsDirectory="54c45286-4f79-4d3e-a5c9-69829b0ccbfe" />
    <UnitTestResult executionId="1bfbaa35-8462-43ff-a1b4-6c39ca57c2be" testId="484864d9-0aa0-50e6-cce7-abec273b847b" testName="MusicFolderTimeFitter.Tests.RepresentativeValueSelectorTests.SelectString_全て値なしの場合はnull" computerName="ALDAN_GEN14" duration="00:00:00.0000501" startTime="2026-07-15T06:21:28.7986556+09:00" endTime="2026-07-15T06:21:28.7986773+09:00" testType="13cdc9d9-ddb5-4fa4-a97d-d965ccfc6d4b" outcome="Passed" testListId="8c84fa94-04c1-424b-9868-57a2d4851a1d" relativeResultsDirectory="1bfbaa35-8462-43ff-a1b4-6c39ca57c2be" />
    <UnitTestResult executionId="cfda1e41-7aa6-4384-9c06-79e8115b3f32" testId="073018cd-e2bd-b223-defc-1dd00f001f9e" testName="MusicFolderTimeFitter.Tests.FolderScanResultTests.TotalDurationText_HHmmss形式でフォーマットされる" computerName="ALDAN_GEN14" duration="00:00:00.0034313" startTime="2026-07-15T06:21:28.7668241+09:00" endTime="2026-07-15T06:21:28.7769439+09:00" testType="13cdc9d9-ddb5-4fa4-a97d-d965ccfc6d4b" outcome="Passed" testListId="8c84fa94-04c1-424b-9868-57a2d4851a1d" relativeResultsDirectory="cfda1e41-7aa6-4384-9c06-79e8115b3f32" />
    <UnitTestResult executionId="d5323ca6-1a58-4df0-b1b2-d68ec37de296" testId="a6b768e0-c50d-d05f-9fed-ac69eed202ed" testName="MusicFolderTimeFitter.Tests.MusicFolderScannerTests.ScanAsync_対象ファイルなしのフォルダーは一覧対象外" computerName="ALDAN_GEN14" duration="00:00:00.0021002" startTime="2026-07-15T06:21:28.8011918+09:00" endTime="2026-07-15T06:21:28.8012347+09:00" testType="13cdc9d9-ddb5-4fa4-a97d-d965ccfc6d4b" outcome="Passed" testListId="8c84fa94-04c1-424b-9868-57a2d4851a1d" relativeResultsDirectory="d5323ca6-1a58-4df0-b1b2-d68ec37de296" />
    <UnitTestResult executionId="57933452-ea0b-4088-8ddc-584325145a79" testId="a1609729-15ff-2604-71ee-4ded85a19006" testName="MusicFolderTimeFitter.Tests.MusicFolderScannerTests.ScanAsync_タグ読取失敗を含むフォルダーは除外される" computerName="ALDAN_GEN14" duration="00:00:00.0043071" startTime="2026-07-15T06:21:28.7994537+09:00" endTime="2026-07-15T06:21:28.7997439+09:00" testType="13cdc9d9-ddb5-4fa4-a97d-d965ccfc6d4b" outcome="Passed" testListId="8c84fa94-04c1-424b-9868-57a2d4851a1d" relativeResultsDirectory="57933452-ea0b-4088-8ddc-584325145a79" />
    <UnitTestResult executionId="a5edd115-1914-432d-abb3-299b5bb56cbb" testId="67e93449-027e-2893-286d-06e25d831d78" testName="MusicFolderTimeFitter.Tests.RemainingTimeCalculatorTests.TryParseTargetTime_不正な入力は失敗する(input: &quot;&quot;)" computerName="ALDAN_GEN14" duration="00:00:00.0000052" startTime="2026-07-15T06:21:28.7948729+09:00" endTime="2026-07-15T06:21:28.7949091+09:00" testType="13cdc9d9-ddb5-4fa4-a97d-d965ccfc6d4b" outcome="Passed" testListId="8c84fa94-04c1-424b-9868-57a2d4851a1d" relativeResultsDirectory="a5edd115-1914-432d-abb3-299b5bb56cbb" />
    <UnitTestResult executionId="f19bee93-cb2c-4976-8776-0bf209dcab12" testId="45f35c37-b0be-6181-8bdc-b8eb666d0101" testName="MusicFolderTimeFitter.Tests.FolderScanResultTests.TotalDurationText_24時間超も総時間表記になる" computerName="ALDAN_GEN14" duration="00:00:00.0000945" startTime="2026-07-15T06:21:28.7931013+09:00" endTime="2026-07-15T06:21:28.7937619+09:00" testType="13cdc9d9-ddb5-4fa4-a97d-d965ccfc6d4b" outcome="Passed" testListId="8c84fa94-04c1-424b-9868-57a2d4851a1d" relativeResultsDirectory="f19bee93-cb2c-4976-8776-0bf209dcab12" />
    <UnitTestResult executionId="79bcf2c5-4434-431e-8032-e7f52a515343" testId="4e26d802-be23-8fde-f792-53a0e5545c3d" testName="MusicFolderTimeFitter.Tests.JsonSettingsServiceTests.Load_壊れたJSONの場合はデフォルト値" computerName="ALDAN_GEN14" duration="00:00:00.0159923" startTime="2026-07-15T06:21:28.7930647+09:00" endTime="2026-07-15T06:21:28.7994979+09:00" testType="13cdc9d9-ddb5-4fa4-a97d-d965ccfc6d4b" outcome="Passed" testListId="8c84fa94-04c1-424b-9868-57a2d4851a1d" relativeResultsDirectory="79bcf2c5-4434-431e-8032-e7f52a515343" />
    <UnitTestResult executionId="75ad678e-a87b-44eb-acf8-5983696e5942" testId="fe2105c2-c62c-f373-8749-24a405b020a1" testName="MusicFolderTimeFitter.Tests.RepresentativeValueSelectorTests.SelectYear_最頻値が選定される" computerName="ALDAN_GEN14" duration="00:00:00.0000984" startTime="2026-07-15T06:21:28.7989760+09:00" endTime="2026-07-15T06:21:28.7990068+09:00" testType="13cdc9d9-ddb5-4fa4-a97d-d965ccfc6d4b" outcome="Passed" testListId="8c84fa94-04c1-424b-9868-57a2d4851a1d" relativeResultsDirectory="75ad678e-a87b-44eb-acf8-5983696e5942" />
    <UnitTestResult executionId="2f8b9940-a9de-437b-8643-3c9701ffe2f0" testId="61857dba-9551-8a7a-62f8-b63d600b26bf" testName="MusicFolderTimeFitter.Tests.JsonSettingsServiceTests.Load_ファイルなしの場合はデフォルト値" computerName="ALDAN_GEN14" duration="00:00:00.0035726" startTime="2026-07-15T06:21:28.7668439+09:00" endTime="2026-07-15T06:21:28.7703899+09:00" testType="13cdc9d9-ddb5-4fa4-a97d-d965ccfc6d4b" outcome="Passed" testListId="8c84fa94-04c1-424b-9868-57a2d4851a1d" relativeResultsDirectory="2f8b9940-a9de-437b-8643-3c9701ffe2f0" />
    <UnitTestResult executionId="a7e0b7b3-47d0-44c3-af27-3d01bb76ef6a" testId="05d8b156-6560-7d47-081f-524b2575693a" testName="MusicFolderTimeFitter.Tests.RemainingTimeCalculatorTests.FromDurationMinutes_ゼロ以下はnull(minutes: 0)" computerName="ALDAN_GEN14" duration="00:00:00.0033268" startTime="2026-07-15T06:21:28.7667997+09:00" endTime="2026-07-15T06:21:28.7677774+09:00" testType="13cdc9d9-ddb5-4fa4-a97d-d965ccfc6d4b" outcome="Passed" testListId="8c84fa94-04c1-424b-9868-57a2d4851a1d" relativeResultsDirectory="a7e0b7b3-47d0-44c3-af27-3d01bb76ef6a" />
    <UnitTestResult executionId="52914a05-098d-4949-9fa6-f6a5b61af175" testId="f4c7188f-dbc2-5043-343d-3fa677da87d7" testName="MusicFolderTimeFitter.Tests.RemainingTimeCalculatorTests.TryParseTargetTime_有効な入力はパースされる(input: &quot;730&quot;, hour: 7, minute: 30)" computerName="ALDAN_GEN14" duration="00:00:00.0000069" startTime="2026-07-15T06:21:28.8779574+09:00" endTime="2026-07-15T06:21:28.8779842+09:00" testType="13cdc9d9-ddb5-4fa4-a97d-d965ccfc6d4b" outcome="Passed" testListId="8c84fa94-04c1-424b-9868-57a2d4851a1d" relativeResultsDirectory="52914a05-098d-4949-9fa6-f6a5b61af175" />
    <UnitTestResult executionId="57c1230e-61d6-41d0-8d54-ad4439c725ce" testId="5b2e4cc3-7886-2715-8c5b-172afe1c5086" testName="MusicFolderTimeFitter.Tests.RepresentativeValueSelectorTests.SelectString_最頻値が選定される" computerName="ALDAN_GEN14" duration="00:00:00.0000714" startTime="2026-07-15T06:21:28.7984161+09:00" endTime="2026-07-15T06:21:28.7984467+09:00" testType="13cdc9d9-ddb5-4fa4-a97d-d965ccfc6d4b" outcome="Passed" testListId="8c84fa94-04c1-424b-9868-57a2d4851a1d" relativeResultsDirectory="57c1230e-61d6-41d0-8d54-ad4439c725ce" />
    <UnitTestResult executionId="7ac5845d-630a-4b38-86dc-48fe11cdc6fe" testId="8869ed08-73fe-0242-9871-8ff1c9739e12" testName="MusicFolderTimeFitter.Tests.RemainingTimeCalculatorTests.FromDurationMinutes_ゼロ以下はnull(minutes: -5)" computerName="ALDAN_GEN14" duration="00:00:00.0001301" startTime="2026-07-15T06:21:28.7784798+09:00" endTime="2026-07-15T06:21:28.7785117+09:00" testType="13cdc9d9-ddb5-4fa4-a97d-d965ccfc6d4b" outcome="Passed" testListId="8c84fa94-04c1-424b-9868-57a2d4851a1d" relativeResultsDirectory="7ac5845d-630a-4b38-86dc-48fe11cdc6fe" />
    <UnitTestResult executionId="1e7a82a1-5369-498e-a95c-c326f7a1f400" testId="73615f54-c980-43f8-23d6-4f25ab8d9e23" testName="MusicFolderTimeFitter.Tests.RemainingTimeCalculatorTests.TryParseTargetTime_有効な入力はパースされる(input: &quot;1030&quot;, hour: 10, minute: 30)" computerName="ALDAN_GEN14" duration="00:00:00.0000097" startTime="2026-07-15T06:21:28.8776385+09:00" endTime="2026-07-15T06:21:28.8776714+09:00" testType="13cdc9d9-ddb5-4fa4-a97d-d965ccfc6d4b" outcome="Passed" testListId="8c84fa94-04c1-424b-9868-57a2d4851a1d" relativeResultsDirectory="1e7a82a1-5369-498e-a95c-c326f7a1f400" />
    <UnitTestResult executionId="3e56b4de-fd85-4bab-981f-29c7d305a7f5" testId="3bf74cbd-af7a-4af6-8ba1-ad16f1e6b52c" testName="MusicFolderTimeFitter.Tests.RemainingTimeCalculatorTests.TryParseTargetTime_不正な入力は失敗する(input: null)" computerName="ALDAN_GEN14" duration="00:00:00.0004530" startTime="2026-07-15T06:21:28.7936977+09:00" endTime="2026-07-15T06:21:28.7941257+09:00" testType="13cdc9d9-ddb5-4fa4-a97d-d965ccfc6d4b" outcome="Passed" testListId="8c84fa94-04c1-424b-9868-57a2d4851a1d" relativeResultsDirectory="3e56b4de-fd85-4bab-981f-29c7d305a7f5" />
    <UnitTestResult executionId="a65cb3e0-4eab-43c0-b6dc-f1a93ae11b28" testId="d3af120e-2ea6-4ad1-1f79-f9f49e856c22" testName="MusicFolderTimeFitter.Tests.JsonSettingsServiceTests.SaveとLoad_設定がラウンドトリップされる" computerName="ALDAN_GEN14" duration="00:00:00.0125968" startTime="2026-07-15T06:21:28.7997054+09:00" endTime="2026-07-15T06:21:28.8016770+09:00" testType="13cdc9d9-ddb5-4fa4-a97d-d965ccfc6d4b" outcome="Passed" testListId="8c84fa94-04c1-424b-9868-57a2d4851a1d" relativeResultsDirectory="a65cb3e0-4eab-43c0-b6dc-f1a93ae11b28" />
    <UnitTestResult executionId="4b9d11ea-0d07-44b3-8f8a-b26cd60803ff" testId="2b302fe8-c6d8-2c8c-acf4-6df81dc5b12f" testName="MusicFolderTimeFitter.Tests.RemainingTimeCalculatorTests.FromTargetTime_現在時刻と同時刻は残り時間ゼロ" computerName="ALDAN_GEN14" duration="00:00:00.0017332" startTime="2026-07-15T06:21:28.8744563+09:00" endTime="2026-07-15T06:21:28.8753317+09:00" testType="13cdc9d9-ddb5-4fa4-a97d-d965ccfc6d4b" outcome="Passed" testListId="8c84fa94-04c1-424b-9868-57a2d4851a1d" relativeResultsDirectory="4b9d11ea-0d07-44b3-8f8a-b26cd60803ff" />
    <UnitTestResult executionId="fbbb0c2e-b4f6-49a6-84c8-6942c55afb0b" testId="d6bf1fbf-8c6f-1261-f1dc-c6559971f95b" testName="MusicFolderTimeFitter.Tests.MusicFolderScannerTests.ScanAsync_タグ代表値が選定される" computerName="ALDAN_GEN14" duration="00:00:00.0017253" startTime="2026-07-15T06:21:28.8008902+09:00" endTime="2026-07-15T06:21:28.8009311+09:00" testType="13cdc9d9-ddb5-4fa4-a97d-d965ccfc6d4b" outcome="Passed" testListId="8c84fa94-04c1-424b-9868-57a2d4851a1d" relativeResultsDirectory="fbbb0c2e-b4f6-49a6-84c8-6942c55afb0b" />
  </Results>
  <TestDefinitions>
    <UnitTest name="MusicFolderTimeFitter.Tests.RemainingTimeCalculatorTests.FromTargetTime_過去の時刻はnull" storage="d:\playground\music selector\tests\musicfoldertimefitter.tests\bin\debug\net10.0-windows\musicfoldertimefitter.tests.dll" id="fa436a93-51a5-0ae3-ce59-e4bcbe50bdd8">
      <Execution id="314d5cb4-476c-4232-af7e-517589e32a9e" />
      <TestMethod codeBase="D:\playground\Music Selector\tests\MusicFolderTimeFitter.Tests\bin\Debug\net10.0-windows\MusicFolderTimeFitter.Tests.dll" adapterTypeName="executor://xunit/VsTestRunner3/netcore/" className="MusicFolderTimeFitter.Tests.RemainingTimeCalculatorTests" name="FromTargetTime_過去の時刻はnull" />
    </UnitTest>
    <UnitTest name="MusicFolderTimeFitter.Tests.RepresentativeValueSelectorTests.SelectString_値なしは母数から除外される" storage="d:\playground\music selector\tests\musicfoldertimefitter.tests\bin\debug\net10.0-windows\musicfoldertimefitter.tests.dll" id="ab819f24-cef5-b6d8-65f2-31a7cbe040c1">
      <Execution id="5c1af459-8494-4a41-aaaf-f445301176ea" />
      <TestMethod codeBase="D:\playground\Music Selector\tests\MusicFolderTimeFitter.Tests\bin\Debug\net10.0-windows\MusicFolderTimeFitter.Tests.dll" adapterTypeName="executor://xunit/VsTestRunner3/netcore/" className="MusicFolderTimeFitter.Tests.RepresentativeValueSelectorTests" name="SelectString_値なしは母数から除外される" />
    </UnitTest>
    <UnitTest name="MusicFolderTimeFitter.Tests.MusicFolderScannerTests.ScanAsync_対象外拡張子は集計されない" storage="d:\playground\music selector\tests\musicfoldertimefitter.tests\bin\debug\net10.0-windows\musicfoldertimefitter.tests.dll" id="39702f80-828a-fa6d-cba0-241b581d389f">
      <Execution id="e4a7763c-3379-4065-b06e-38ddf2995950" />
      <TestMethod codeBase="D:\playground\Music Selector\tests\MusicFolderTimeFitter.Tests\bin\Debug\net10.0-windows\MusicFolderTimeFitter.Tests.dll" adapterTypeName="executor://xunit/VsTestRunner3/netcore/" className="MusicFolderTimeFitter.Tests.MusicFolderScannerTests" name="ScanAsync_対象外拡張子は集計されない" />
    </UnitTest>
    <UnitTest name="MusicFolderTimeFitter.Tests.RepresentativeValueSelectorTests.SelectYear_同数タイは最古の年が選定される" storage="d:\playground\music selector\tests\musicfoldertimefitter.tests\bin\debug\net10.0-windows\musicfoldertimefitter.tests.dll" id="118a9a83-1d63-de7e-3b29-30f6fae4cedc">
      <Execution id="6098123c-7726-456c-a5a1-5f5786d2482c" />
      <TestMethod codeBase="D:\playground\Music Selector\tests\MusicFolderTimeFitter.Tests\bin\Debug\net10.0-windows\MusicFolderTimeFitter.Tests.dll" adapterTypeName="executor://xunit/VsTestRunner3/netcore/" className="MusicFolderTimeFitter.Tests.RepresentativeValueSelectorTests" name="SelectYear_同数タイは最古の年が選定される" />
    </UnitTest>
    <UnitTest name="MusicFolderTimeFitter.Tests.MusicFolderScannerTests.ScanAsync_タグ読取失敗を含むフォルダーは除外される" storage="d:\playground\music selector\tests\musicfoldertimefitter.tests\bin\debug\net10.0-windows\musicfoldertimefitter.tests.dll" id="a1609729-15ff-2604-71ee-4ded85a19006">
      <Execution id="57933452-ea0b-4088-8ddc-584325145a79" />
      <TestMethod codeBase="D:\playground\Music Selector\tests\MusicFolderTimeFitter.Tests\bin\Debug\net10.0-windows\MusicFolderTimeFitter.Tests.dll" adapterTypeName="executor://xunit/VsTestRunner3/netcore/" className="MusicFolderTimeFitter.Tests.MusicFolderScannerTests" name="ScanAsync_タグ読取失敗を含むフォルダーは除外される" />
    </UnitTest>
    <UnitTest name="MusicFolderTimeFitter.Tests.MusicFolderScannerTests.ScanAsync_ルート直下のファイルも集計単位になる" storage="d:\playground\music selector\tests\musicfoldertimefitter.tests\bin\debug\net10.0-windows\musicfoldertimefitter.tests.dll" id="6acb94c3-9070-d7ed-9094-17d56de9ad67">
      <Execution id="d1ac71db-3cf3-476d-bda4-4363b24f61b1" />
      <TestMethod codeBase="D:\playground\Music Selector\tests\MusicFolderTimeFitter.Tests\bin\Debug\net10.0-windows\MusicFolderTimeFitter.Tests.dll" adapterTypeName="executor://xunit/VsTestRunner3/netcore/" className="MusicFolderTimeFitter.Tests.MusicFolderScannerTests" name="ScanAsync_ルート直下のファイルも集計単位になる" />
    </UnitTest>
    <UnitTest name="MusicFolderTimeFitter.Tests.MusicFolderScannerTests.ScanAsync_進捗が通知される" storage="d:\playground\music selector\tests\musicfoldertimefitter.tests\bin\debug\net10.0-windows\musicfoldertimefitter.tests.dll" id="b686b197-a061-63c5-08a3-f5703b18a764">
      <Execution id="e077cb65-e6e1-4efc-b7f0-0f7d9930c17e" />
      <TestMethod codeBase="D:\playground\Music Selector\tests\MusicFolderTimeFitter.Tests\bin\Debug\net10.0-windows\MusicFolderTimeFitter.Tests.dll" adapterTypeName="executor://xunit/VsTestRunner3/netcore/" className="MusicFolderTimeFitter.Tests.MusicFolderScannerTests" name="ScanAsync_進捗が通知される" />
    </UnitTest>
    <UnitTest name="MusicFolderTimeFitter.Tests.FolderScanResultTests.TotalDurationText_24時間超も総時間表記になる" storage="d:\playground\music selector\tests\musicfoldertimefitter.tests\bin\debug\net10.0-windows\musicfoldertimefitter.tests.dll" id="45f35c37-b0be-6181-8bdc-b8eb666d0101">
      <Execution id="f19bee93-cb2c-4976-8776-0bf209dcab12" />
      <TestMethod codeBase="D:\playground\Music Selector\tests\MusicFolderTimeFitter.Tests\bin\Debug\net10.0-windows\MusicFolderTimeFitter.Tests.dll" adapterTypeName="executor://xunit/VsTestRunner3/netcore/" className="MusicFolderTimeFitter.Tests.FolderScanResultTests" name="TotalDurationText_24時間超も総時間表記になる" />
    </UnitTest>
    <UnitTest name="MusicFolderTimeFitter.Tests.RemainingTimeCalculatorTests.TryParseTargetTime_有効な入力はパースされる(input: &quot;18:30&quot;, hour: 18, minute: 30)" storage="d:\playground\music selector\tests\musicfoldertimefitter.tests\bin\debug\net10.0-windows\musicfoldertimefitter.tests.dll" id="6e78d3a8-e1e3-fea7-3f99-a75d1e42c6df">
      <Execution id="67b665a1-652e-49d4-8561-9152fab0eccb" />
      <TestMethod codeBase="D:\playground\Music Selector\tests\MusicFolderTimeFitter.Tests\bin\Debug\net10.0-windows\MusicFolderTimeFitter.Tests.dll" adapterTypeName="executor://xunit/VsTestRunner3/netcore/" className="MusicFolderTimeFitter.Tests.RemainingTimeCalculatorTests" name="TryParseTargetTime_有効な入力はパースされる" />
    </UnitTest>
    <UnitTest name="MusicFolderTimeFitter.Tests.RemainingTimeCalculatorTests.TryParseTargetTime_不正な入力は失敗する(input: &quot;12345&quot;)" storage="d:\playground\music selector\tests\musicfoldertimefitter.tests\bin\debug\net10.0-windows\musicfoldertimefitter.tests.dll" id="fccf62b6-578f-9141-b334-72d24fc3ae8c">
      <Execution id="54c45286-4f79-4d3e-a5c9-69829b0ccbfe" />
      <TestMethod codeBase="D:\playground\Music Selector\tests\MusicFolderTimeFitter.Tests\bin\Debug\net10.0-windows\MusicFolderTimeFitter.Tests.dll" adapterTypeName="executor://xunit/VsTestRunner3/netcore/" className="MusicFolderTimeFitter.Tests.RemainingTimeCalculatorTests" name="TryParseTargetTime_不正な入力は失敗する" />
    </UnitTest>
    <UnitTest name="MusicFolderTimeFitter.Tests.JsonSettingsServiceTests.SaveとLoad_設定がラウンドトリップされる" storage="d:\playground\music selector\tests\musicfoldertimefitter.tests\bin\debug\net10.0-windows\musicfoldertimefitter.tests.dll" id="d3af120e-2ea6-4ad1-1f79-f9f49e856c22">
      <Execution id="a65cb3e0-4eab-43c0-b6dc-f1a93ae11b28" />
      <TestMethod codeBase="D:\playground\Music Selector\tests\MusicFolderTimeFitter.Tests\bin\Debug\net10.0-windows\MusicFolderTimeFitter.Tests.dll" adapterTypeName="executor://xunit/VsTestRunner3/netcore/" className="MusicFolderTimeFitter.Tests.JsonSettingsServiceTests" name="SaveとLoad_設定がラウンドトリップされる" />
    </UnitTest>
    <UnitTest name="MusicFolderTimeFitter.Tests.RepresentativeValueSelectorTests.SelectYear_全てゼロの場合はnull" storage="d:\playground\music selector\tests\musicfoldertimefitter.tests\bin\debug\net10.0-windows\musicfoldertimefitter.tests.dll" id="87a28666-b842-a96f-f182-ccd16866fa1e">
      <Execution id="802db759-679f-4d0c-9bfd-e6f9122450f8" />
      <TestMethod codeBase="D:\playground\Music Selector\tests\MusicFolderTimeFitter.Tests\bin\Debug\net10.0-windows\MusicFolderTimeFitter.Tests.dll" adapterTypeName="executor://xunit/VsTestRunner3/netcore/" className="MusicFolderTimeFitter.Tests.RepresentativeValueSelectorTests" name="SelectYear_全てゼロの場合はnull" />
    </UnitTest>
    <UnitTest name="MusicFolderTimeFitter.Tests.RemainingTimeCalculatorTests.TryParseTargetTime_不正な入力は失敗する(input: &quot;73&quot;)" storage="d:\playground\music selector\tests\musicfoldertimefitter.tests\bin\debug\net10.0-windows\musicfoldertimefitter.tests.dll" id="705961e5-ca7f-f3c7-b68d-f56f3792bdf0">
      <Execution id="410e6ca4-f403-4087-ac7c-66bdc23393ec" />
      <TestMethod codeBase="D:\playground\Music Selector\tests\MusicFolderTimeFitter.Tests\bin\Debug\net10.0-windows\MusicFolderTimeFitter.Tests.dll" adapterTypeName="executor://xunit/VsTestRunner3/netcore/" className="MusicFolderTimeFitter.Tests.RemainingTimeCalculatorTests" name="TryParseTargetTime_不正な入力は失敗する" />
    </UnitTest>
    <UnitTest name="MusicFolderTimeFitter.Tests.RemainingTimeCalculatorTests.FromDurationMinutes_ゼロ以下はnull(minutes: -5)" storage="d:\playground\music selector\tests\musicfoldertimefitter.tests\bin\debug\net10.0-windows\musicfoldertimefitter.tests.dll" id="8869ed08-73fe-0242-9871-8ff1c9739e12">
      <Execution id="7ac5845d-630a-4b38-86dc-48fe11cdc6fe" />
      <TestMethod codeBase="D:\playground\Music Selector\tests\MusicFolderTimeFitter.Tests\bin\Debug\net10.0-windows\MusicFolderTimeFitter.Tests.dll" adapterTypeName="executor://xunit/VsTestRunner3/netcore/" className="MusicFolderTimeFitter.Tests.RemainingTimeCalculatorTests" name="FromDurationMinutes_ゼロ以下はnull" />
    </UnitTest>
    <UnitTest name="MusicFolderTimeFitter.Tests.MusicFolderScannerTests.ScanAsync_対象ファイルなしのフォルダーは一覧対象外" storage="d:\playground\music selector\tests\musicfoldertimefitter.tests\bin\debug\net10.0-windows\musicfoldertimefitter.tests.dll" id="a6b768e0-c50d-d05f-9fed-ac69eed202ed">
      <Execution id="d5323ca6-1a58-4df0-b1b2-d68ec37de296" />
      <TestMethod codeBase="D:\playground\Music Selector\tests\MusicFolderTimeFitter.Tests\bin\Debug\net10.0-windows\MusicFolderTimeFitter.Tests.dll" adapterTypeName="executor://xunit/VsTestRunner3/netcore/" className="MusicFolderTimeFitter.Tests.MusicFolderScannerTests" name="ScanAsync_対象ファイルなしのフォルダーは一覧対象外" />
    </UnitTest>
    <UnitTest name="MusicFolderTimeFitter.Tests.RepresentativeValueSelectorTests.SelectString_同数タイは最小値が選定される" storage="d:\playground\music selector\tests\musicfoldertimefitter.tests\bin\debug\net10.0-windows\musicfoldertimefitter.tests.dll" id="27bdd05b-ca9e-0a73-733e-41e9f915beae">
      <Execution id="484e301b-2679-452a-bfcb-420ddcefb9a3" />
      <TestMethod codeBase="D:\playground\Music Selector\tests\MusicFolderTimeFitter.Tests\bin\Debug\net10.0-windows\MusicFolderTimeFitter.Tests.dll" adapterTypeName="executor://xunit/VsTestRunner3/netcore/" className="MusicFolderTimeFitter.Tests.RepresentativeValueSelectorTests" name="SelectString_同数タイは最小値が選定される" />
    </UnitTest>
    <UnitTest name="MusicFolderTimeFitter.Tests.RemainingTimeCalculatorTests.TryParseTargetTime_不正な入力は失敗する(input: &quot;abc&quot;)" storage="d:\playground\music selector\tests\musicfoldertimefitter.tests\bin\debug\net10.0-windows\musicfoldertimefitter.tests.dll" id="f4659849-0251-b651-c7cc-03e028a6673f">
      <Execution id="39bd9b26-7099-4929-9ea0-7e8b2d5243a8" />
      <TestMethod codeBase="D:\playground\Music Selector\tests\MusicFolderTimeFitter.Tests\bin\Debug\net10.0-windows\MusicFolderTimeFitter.Tests.dll" adapterTypeName="executor://xunit/VsTestRunner3/netcore/" className="MusicFolderTimeFitter.Tests.RemainingTimeCalculatorTests" name="TryParseTargetTime_不正な入力は失敗する" />
    </UnitTest>
    <UnitTest name="MusicFolderTimeFitter.Tests.RemainingTimeCalculatorTests.FromDurationMinutes_正の分数は変換される" storage="d:\playground\music selector\tests\musicfoldertimefitter.tests\bin\debug\net10.0-windows\musicfoldertimefitter.tests.dll" id="42e39fac-8cc2-da80-1ae4-f7da9fd86b31">
      <Execution id="2c7b3d08-4e91-44cd-a002-42df0d98837d" />
      <TestMethod codeBase="D:\playground\Music Selector\tests\MusicFolderTimeFitter.Tests\bin\Debug\net10.0-windows\MusicFolderTimeFitter.Tests.dll" adapterTypeName="executor://xunit/VsTestRunner3/netcore/" className="MusicFolderTimeFitter.Tests.RemainingTimeCalculatorTests" name="FromDurationMinutes_正の分数は変換される" />
    </UnitTest>
    <UnitTest name="MusicFolderTimeFitter.Tests.RemainingTimeCalculatorTests.TryParseTargetTime_有効な入力はパースされる(input: &quot; 730 &quot;, hour: 7, minute: 30)" storage="d:\playground\music selector\tests\musicfoldertimefitter.tests\bin\debug\net10.0-windows\musicfoldertimefitter.tests.dll" id="fea1a8b9-ef87-bbac-bd81-a363fcae2344">
      <Execution id="3d41785a-d6ca-472d-b650-aeeb384f1142" />
      <TestMethod codeBase="D:\playground\Music Selector\tests\MusicFolderTimeFitter.Tests\bin\Debug\net10.0-windows\MusicFolderTimeFitter.Tests.dll" adapterTypeName="executor://xunit/VsTestRunner3/netcore/" className="MusicFolderTimeFitter.Tests.RemainingTimeCalculatorTests" name="TryParseTargetTime_有効な入力はパースされる" />
    </UnitTest>
    <UnitTest name="MusicFolderTimeFitter.Tests.RemainingTimeCalculatorTests.TryParseTargetTime_不正な入力は失敗する(input: &quot;2560&quot;)" storage="d:\playground\music selector\tests\musicfoldertimefitter.tests\bin\debug\net10.0-windows\musicfoldertimefitter.tests.dll" id="b1a8c0bd-8b03-417c-46f3-8bc900cc630e">
      <Execution id="c575bab8-a034-422d-8c89-43cadd5bd29c" />
      <TestMethod codeBase="D:\playground\Music Selector\tests\MusicFolderTimeFitter.Tests\bin\Debug\net10.0-windows\MusicFolderTimeFitter.Tests.dll" adapterTypeName="executor://xunit/VsTestRunner3/netcore/" className="MusicFolderTimeFitter.Tests.RemainingTimeCalculatorTests" name="TryParseTargetTime_不正な入力は失敗する" />
    </UnitTest>
    <UnitTest name="MusicFolderTimeFitter.Tests.RemainingTimeCalculatorTests.FromTargetTime_未来の時刻は差分が返る" storage="d:\playground\music selector\tests\musicfoldertimefitter.tests\bin\debug\net10.0-windows\musicfoldertimefitter.tests.dll" id="c590002a-e2cc-3531-92ff-fe0c15d1361a">
      <Execution id="f292d46c-d833-4ea9-8b5e-c5b56372c388" />
      <TestMethod codeBase="D:\playground\Music Selector\tests\MusicFolderTimeFitter.Tests\bin\Debug\net10.0-windows\MusicFolderTimeFitter.Tests.dll" adapterTypeName="executor://xunit/VsTestRunner3/netcore/" className="MusicFolderTimeFitter.Tests.RemainingTimeCalculatorTests" name="FromTargetTime_未来の時刻は差分が返る" />
    </UnitTest>
    <UnitTest name="MusicFolderTimeFitter.Tests.RemainingTimeCalculatorTests.FromTargetTime_現在時刻と同時刻は残り時間ゼロ" storage="d:\playground\music selector\tests\musicfoldertimefitter.tests\bin\debug\net10.0-windows\musicfoldertimefitter.tests.dll" id="2b302fe8-c6d8-2c8c-acf4-6df81dc5b12f">
      <Execution id="4b9d11ea-0d07-44b3-8f8a-b26cd60803ff" />
      <TestMethod codeBase="D:\playground\Music Selector\tests\MusicFolderTimeFitter.Tests\bin\Debug\net10.0-windows\MusicFolderTimeFitter.Tests.dll" adapterTypeName="executor://xunit/VsTestRunner3/netcore/" className="MusicFolderTimeFitter.Tests.RemainingTimeCalculatorTests" name="FromTargetTime_現在時刻と同時刻は残り時間ゼロ" />
    </UnitTest>
    <UnitTest name="MusicFolderTimeFitter.Tests.RemainingTimeCalculatorTests.TryParseTargetTime_不正な入力は失敗する(input: &quot;&quot;)" storage="d:\playground\music selector\tests\musicfoldertimefitter.tests\bin\debug\net10.0-windows\musicfoldertimefitter.tests.dll" id="67e93449-027e-2893-286d-06e25d831d78">
      <Execution id="a5edd115-1914-432d-abb3-299b5bb56cbb" />
      <TestMethod codeBase="D:\playground\Music Selector\tests\MusicFolderTimeFitter.Tests\bin\Debug\net10.0-windows\MusicFolderTimeFitter.Tests.dll" adapterTypeName="executor://xunit/VsTestRunner3/netcore/" className="MusicFolderTimeFitter.Tests.RemainingTimeCalculatorTests" name="TryParseTargetTime_不正な入力は失敗する" />
    </UnitTest>
    <UnitTest name="MusicFolderTimeFitter.Tests.RemainingTimeCalculatorTests.TryParseTargetTime_有効な入力はパースされる(input: &quot;730&quot;, hour: 7, minute: 30)" storage="d:\playground\music selector\tests\musicfoldertimefitter.tests\bin\debug\net10.0-windows\musicfoldertimefitter.tests.dll" id="f4c7188f-dbc2-5043-343d-3fa677da87d7">
      <Execution id="52914a05-098d-4949-9fa6-f6a5b61af175" />
      <TestMethod codeBase="D:\playground\Music Selector\tests\MusicFolderTimeFitter.Tests\bin\Debug\net10.0-windows\MusicFolderTimeFitter.Tests.dll" adapterTypeName="executor://xunit/VsTestRunner3/netcore/" className="MusicFolderTimeFitter.Tests.RemainingTimeCalculatorTests" name="TryParseTargetTime_有効な入力はパースされる" />
    </UnitTest>
    <UnitTest name="MusicFolderTimeFitter.Tests.JsonSettingsServiceTests.Load_ファイルなしの場合はデフォルト値" storage="d:\playground\music selector\tests\musicfoldertimefitter.tests\bin\debug\net10.0-windows\musicfoldertimefitter.tests.dll" id="61857dba-9551-8a7a-62f8-b63d600b26bf">
      <Execution id="2f8b9940-a9de-437b-8643-3c9701ffe2f0" />
      <TestMethod codeBase="D:\playground\Music Selector\tests\MusicFolderTimeFitter.Tests\bin\Debug\net10.0-windows\MusicFolderTimeFitter.Tests.dll" adapterTypeName="executor://xunit/VsTestRunner3/netcore/" className="MusicFolderTimeFitter.Tests.JsonSettingsServiceTests" name="Load_ファイルなしの場合はデフォルト値" />
    </UnitTest>
    <UnitTest name="MusicFolderTimeFitter.Tests.RepresentativeValueSelectorTests.SelectString_最頻値が選定される" storage="d:\playground\music selector\tests\musicfoldertimefitter.tests\bin\debug\net10.0-windows\musicfoldertimefitter.tests.dll" id="5b2e4cc3-7886-2715-8c5b-172afe1c5086">
      <Execution id="57c1230e-61d6-41d0-8d54-ad4439c725ce" />
      <TestMethod codeBase="D:\playground\Music Selector\tests\MusicFolderTimeFitter.Tests\bin\Debug\net10.0-windows\MusicFolderTimeFitter.Tests.dll" adapterTypeName="executor://xunit/VsTestRunner3/netcore/" className="MusicFolderTimeFitter.Tests.RepresentativeValueSelectorTests" name="SelectString_最頻値が選定される" />
    </UnitTest>
    <UnitTest name="MusicFolderTimeFitter.Tests.RepresentativeValueSelectorTests.SelectString_空の入力はnull" storage="d:\playground\music selector\tests\musicfoldertimefitter.tests\bin\debug\net10.0-windows\musicfoldertimefitter.tests.dll" id="926e27c9-1a02-0eee-1e2d-6afa2af5fd6a">
      <Execution id="2ad6bc53-d888-485f-8d24-1aa237e63153" />
      <TestMethod codeBase="D:\playground\Music Selector\tests\MusicFolderTimeFitter.Tests\bin\Debug\net10.0-windows\MusicFolderTimeFitter.Tests.dll" adapterTypeName="executor://xunit/VsTestRunner3/netcore/" className="MusicFolderTimeFitter.Tests.RepresentativeValueSelectorTests" name="SelectString_空の入力はnull" />
    </UnitTest>
    <UnitTest name="MusicFolderTimeFitter.Tests.RepresentativeValueSelectorTests.SelectString_全て値なしの場合はnull" storage="d:\playground\music selector\tests\musicfoldertimefitter.tests\bin\debug\net10.0-windows\musicfoldertimefitter.tests.dll" id="484864d9-0aa0-50e6-cce7-abec273b847b">
      <Execution id="1bfbaa35-8462-43ff-a1b4-6c39ca57c2be" />
      <TestMethod codeBase="D:\playground\Music Selector\tests\MusicFolderTimeFitter.Tests\bin\Debug\net10.0-windows\MusicFolderTimeFitter.Tests.dll" adapterTypeName="executor://xunit/VsTestRunner3/netcore/" className="MusicFolderTimeFitter.Tests.RepresentativeValueSelectorTests" name="SelectString_全て値なしの場合はnull" />
    </UnitTest>
    <UnitTest name="MusicFolderTimeFitter.Tests.JsonSettingsServiceTests.Load_壊れたJSONの場合はデフォルト値" storage="d:\playground\music selector\tests\musicfoldertimefitter.tests\bin\debug\net10.0-windows\musicfoldertimefitter.tests.dll" id="4e26d802-be23-8fde-f792-53a0e5545c3d">
      <Execution id="79bcf2c5-4434-431e-8032-e7f52a515343" />
      <TestMethod codeBase="D:\playground\Music Selector\tests\MusicFolderTimeFitter.Tests\bin\Debug\net10.0-windows\MusicFolderTimeFitter.Tests.dll" adapterTypeName="executor://xunit/VsTestRunner3/netcore/" className="MusicFolderTimeFitter.Tests.JsonSettingsServiceTests" name="Load_壊れたJSONの場合はデフォルト値" />
    </UnitTest>
    <UnitTest name="MusicFolderTimeFitter.Tests.RemainingTimeCalculatorTests.FromDurationMinutes_ゼロ以下はnull(minutes: 0)" storage="d:\playground\music selector\tests\musicfoldertimefitter.tests\bin\debug\net10.0-windows\musicfoldertimefitter.tests.dll" id="05d8b156-6560-7d47-081f-524b2575693a">
      <Execution id="a7e0b7b3-47d0-44c3-af27-3d01bb76ef6a" />
      <TestMethod codeBase="D:\playground\Music Selector\tests\MusicFolderTimeFitter.Tests\bin\Debug\net10.0-windows\MusicFolderTimeFitter.Tests.dll" adapterTypeName="executor://xunit/VsTestRunner3/netcore/" className="MusicFolderTimeFitter.Tests.RemainingTimeCalculatorTests" name="FromDurationMinutes_ゼロ以下はnull" />
    </UnitTest>
    <UnitTest name="MusicFolderTimeFitter.Tests.FolderScanResultTests.TotalDurationText_HHmmss形式でフォーマットされる" storage="d:\playground\music selector\tests\musicfoldertimefitter.tests\bin\debug\net10.0-windows\musicfoldertimefitter.tests.dll" id="073018cd-e2bd-b223-defc-1dd00f001f9e">
      <Execution id="cfda1e41-7aa6-4384-9c06-79e8115b3f32" />
      <TestMethod codeBase="D:\playground\Music Selector\tests\MusicFolderTimeFitter.Tests\bin\Debug\net10.0-windows\MusicFolderTimeFitter.Tests.dll" adapterTypeName="executor://xunit/VsTestRunner3/netcore/" className="MusicFolderTimeFitter.Tests.FolderScanResultTests" name="TotalDurationText_HHmmss形式でフォーマットされる" />
    </UnitTest>
    <UnitTest name="MusicFolderTimeFitter.Tests.RemainingTimeCalculatorTests.TryParseTargetTime_不正な入力は失敗する(input: null)" storage="d:\playground\music selector\tests\musicfoldertimefitter.tests\bin\debug\net10.0-windows\musicfoldertimefitter.tests.dll" id="3bf74cbd-af7a-4af6-8ba1-ad16f1e6b52c">
      <Execution id="3e56b4de-fd85-4bab-981f-29c7d305a7f5" />
      <TestMethod codeBase="D:\playground\Music Selector\tests\MusicFolderTimeFitter.Tests\bin\Debug\net10.0-windows\MusicFolderTimeFitter.Tests.dll" adapterTypeName="executor://xunit/VsTestRunner3/netcore/" className="MusicFolderTimeFitter.Tests.RemainingTimeCalculatorTests" name="TryParseTargetTime_不正な入力は失敗する" />
    </UnitTest>
    <UnitTest name="MusicFolderTimeFitter.Tests.RemainingTimeCalculatorTests.TryParseTargetTime_有効な入力はパースされる(input: &quot;0730&quot;, hour: 7, minute: 30)" storage="d:\playground\music selector\tests\musicfoldertimefitter.tests\bin\debug\net10.0-windows\musicfoldertimefitter.tests.dll" id="54cee3cf-b205-6d91-4527-a7baa0916670">
      <Execution id="226e8328-6da0-46a1-8188-2359c630359c" />
      <TestMethod codeBase="D:\playground\Music Selector\tests\MusicFolderTimeFitter.Tests\bin\Debug\net10.0-windows\MusicFolderTimeFitter.Tests.dll" adapterTypeName="executor://xunit/VsTestRunner3/netcore/" className="MusicFolderTimeFitter.Tests.RemainingTimeCalculatorTests" name="TryParseTargetTime_有効な入力はパースされる" />
    </UnitTest>
    <UnitTest name="MusicFolderTimeFitter.Tests.RepresentativeValueSelectorTests.SelectYear_最頻値が選定される" storage="d:\playground\music selector\tests\musicfoldertimefitter.tests\bin\debug\net10.0-windows\musicfoldertimefitter.tests.dll" id="fe2105c2-c62c-f373-8749-24a405b020a1">
      <Execution id="75ad678e-a87b-44eb-acf8-5983696e5942" />
      <TestMethod codeBase="D:\playground\Music Selector\tests\MusicFolderTimeFitter.Tests\bin\Debug\net10.0-windows\MusicFolderTimeFitter.Tests.dll" adapterTypeName="executor://xunit/VsTestRunner3/netcore/" className="MusicFolderTimeFitter.Tests.RepresentativeValueSelectorTests" name="SelectYear_最頻値が選定される" />
    </UnitTest>
    <UnitTest name="MusicFolderTimeFitter.Tests.MusicFolderScannerTests.ScanAsync_フォルダー単位で集計されサブフォルダーは独立単位になる" storage="d:\playground\music selector\tests\musicfoldertimefitter.tests\bin\debug\net10.0-windows\musicfoldertimefitter.tests.dll" id="c6e11baa-ae97-bd34-c17c-527674286fc2">
      <Execution id="cd0a87c2-b654-4c39-89a5-b9331b7af740" />
      <TestMethod codeBase="D:\playground\Music Selector\tests\MusicFolderTimeFitter.Tests\bin\Debug\net10.0-windows\MusicFolderTimeFitter.Tests.dll" adapterTypeName="executor://xunit/VsTestRunner3/netcore/" className="MusicFolderTimeFitter.Tests.MusicFolderScannerTests" name="ScanAsync_フォルダー単位で集計されサブフォルダーは独立単位になる" />
    </UnitTest>
    <UnitTest name="MusicFolderTimeFitter.Tests.RemainingTimeCalculatorTests.TryParseTargetTime_有効な入力はパースされる(input: &quot;1030&quot;, hour: 10, minute: 30)" storage="d:\playground\music selector\tests\musicfoldertimefitter.tests\bin\debug\net10.0-windows\musicfoldertimefitter.tests.dll" id="73615f54-c980-43f8-23d6-4f25ab8d9e23">
      <Execution id="1e7a82a1-5369-498e-a95c-c326f7a1f400" />
      <TestMethod codeBase="D:\playground\Music Selector\tests\MusicFolderTimeFitter.Tests\bin\Debug\net10.0-windows\MusicFolderTimeFitter.Tests.dll" adapterTypeName="executor://xunit/VsTestRunner3/netcore/" className="MusicFolderTimeFitter.Tests.RemainingTimeCalculatorTests" name="TryParseTargetTime_有効な入力はパースされる" />
    </UnitTest>
    <UnitTest name="MusicFolderTimeFitter.Tests.RepresentativeValueSelectorTests.SelectYear_値なしのゼロは母数から除外される" storage="d:\playground\music selector\tests\musicfoldertimefitter.tests\bin\debug\net10.0-windows\musicfoldertimefitter.tests.dll" id="fa7c3724-21e9-c8ec-052b-bf4f682d71cc">
      <Execution id="82a9f371-835e-4632-a159-d176edf9bb35" />
      <TestMethod codeBase="D:\playground\Music Selector\tests\MusicFolderTimeFitter.Tests\bin\Debug\net10.0-windows\MusicFolderTimeFitter.Tests.dll" adapterTypeName="executor://xunit/VsTestRunner3/netcore/" className="MusicFolderTimeFitter.Tests.RepresentativeValueSelectorTests" name="SelectYear_値なしのゼロは母数から除外される" />
    </UnitTest>
    <UnitTest name="MusicFolderTimeFitter.Tests.MusicFolderScannerTests.ScanAsync_タグ代表値が選定される" storage="d:\playground\music selector\tests\musicfoldertimefitter.tests\bin\debug\net10.0-windows\musicfoldertimefitter.tests.dll" id="d6bf1fbf-8c6f-1261-f1dc-c6559971f95b">
      <Execution id="fbbb0c2e-b4f6-49a6-84c8-6942c55afb0b" />
      <TestMethod codeBase="D:\playground\Music Selector\tests\MusicFolderTimeFitter.Tests\bin\Debug\net10.0-windows\MusicFolderTimeFitter.Tests.dll" adapterTypeName="executor://xunit/VsTestRunner3/netcore/" className="MusicFolderTimeFitter.Tests.MusicFolderScannerTests" name="ScanAsync_タグ代表値が選定される" />
    </UnitTest>
  </TestDefinitions>
  <TestEntries>
    <TestEntry testId="fea1a8b9-ef87-bbac-bd81-a363fcae2344" executionId="3d41785a-d6ca-472d-b650-aeeb384f1142" testListId="8c84fa94-04c1-424b-9868-57a2d4851a1d" />
    <TestEntry testId="87a28666-b842-a96f-f182-ccd16866fa1e" executionId="802db759-679f-4d0c-9bfd-e6f9122450f8" testListId="8c84fa94-04c1-424b-9868-57a2d4851a1d" />
    <TestEntry testId="54cee3cf-b205-6d91-4527-a7baa0916670" executionId="226e8328-6da0-46a1-8188-2359c630359c" testListId="8c84fa94-04c1-424b-9868-57a2d4851a1d" />
    <TestEntry testId="f4659849-0251-b651-c7cc-03e028a6673f" executionId="39bd9b26-7099-4929-9ea0-7e8b2d5243a8" testListId="8c84fa94-04c1-424b-9868-57a2d4851a1d" />
    <TestEntry testId="c6e11baa-ae97-bd34-c17c-527674286fc2" executionId="cd0a87c2-b654-4c39-89a5-b9331b7af740" testListId="8c84fa94-04c1-424b-9868-57a2d4851a1d" />
    <TestEntry testId="118a9a83-1d63-de7e-3b29-30f6fae4cedc" executionId="6098123c-7726-456c-a5a1-5f5786d2482c" testListId="8c84fa94-04c1-424b-9868-57a2d4851a1d" />
    <TestEntry testId="b1a8c0bd-8b03-417c-46f3-8bc900cc630e" executionId="c575bab8-a034-422d-8c89-43cadd5bd29c" testListId="8c84fa94-04c1-424b-9868-57a2d4851a1d" />
    <TestEntry testId="926e27c9-1a02-0eee-1e2d-6afa2af5fd6a" executionId="2ad6bc53-d888-485f-8d24-1aa237e63153" testListId="8c84fa94-04c1-424b-9868-57a2d4851a1d" />
    <TestEntry testId="fa436a93-51a5-0ae3-ce59-e4bcbe50bdd8" executionId="314d5cb4-476c-4232-af7e-517589e32a9e" testListId="8c84fa94-04c1-424b-9868-57a2d4851a1d" />
    <TestEntry testId="6e78d3a8-e1e3-fea7-3f99-a75d1e42c6df" executionId="67b665a1-652e-49d4-8561-9152fab0eccb" testListId="8c84fa94-04c1-424b-9868-57a2d4851a1d" />
    <TestEntry testId="705961e5-ca7f-f3c7-b68d-f56f3792bdf0" executionId="410e6ca4-f403-4087-ac7c-66bdc23393ec" testListId="8c84fa94-04c1-424b-9868-57a2d4851a1d" />
    <TestEntry testId="c590002a-e2cc-3531-92ff-fe0c15d1361a" executionId="f292d46c-d833-4ea9-8b5e-c5b56372c388" testListId="8c84fa94-04c1-424b-9868-57a2d4851a1d" />
    <TestEntry testId="ab819f24-cef5-b6d8-65f2-31a7cbe040c1" executionId="5c1af459-8494-4a41-aaaf-f445301176ea" testListId="8c84fa94-04c1-424b-9868-57a2d4851a1d" />
    <TestEntry testId="fa7c3724-21e9-c8ec-052b-bf4f682d71cc" executionId="82a9f371-835e-4632-a159-d176edf9bb35" testListId="8c84fa94-04c1-424b-9868-57a2d4851a1d" />
    <TestEntry testId="6acb94c3-9070-d7ed-9094-17d56de9ad67" executionId="d1ac71db-3cf3-476d-bda4-4363b24f61b1" testListId="8c84fa94-04c1-424b-9868-57a2d4851a1d" />
    <TestEntry testId="b686b197-a061-63c5-08a3-f5703b18a764" executionId="e077cb65-e6e1-4efc-b7f0-0f7d9930c17e" testListId="8c84fa94-04c1-424b-9868-57a2d4851a1d" />
    <TestEntry testId="27bdd05b-ca9e-0a73-733e-41e9f915beae" executionId="484e301b-2679-452a-bfcb-420ddcefb9a3" testListId="8c84fa94-04c1-424b-9868-57a2d4851a1d" />
    <TestEntry testId="39702f80-828a-fa6d-cba0-241b581d389f" executionId="e4a7763c-3379-4065-b06e-38ddf2995950" testListId="8c84fa94-04c1-424b-9868-57a2d4851a1d" />
    <TestEntry testId="42e39fac-8cc2-da80-1ae4-f7da9fd86b31" executionId="2c7b3d08-4e91-44cd-a002-42df0d98837d" testListId="8c84fa94-04c1-424b-9868-57a2d4851a1d" />
    <TestEntry testId="fccf62b6-578f-9141-b334-72d24fc3ae8c" executionId="54c45286-4f79-4d3e-a5c9-69829b0ccbfe" testListId="8c84fa94-04c1-424b-9868-57a2d4851a1d" />
    <TestEntry testId="484864d9-0aa0-50e6-cce7-abec273b847b" executionId="1bfbaa35-8462-43ff-a1b4-6c39ca57c2be" testListId="8c84fa94-04c1-424b-9868-57a2d4851a1d" />
    <TestEntry testId="073018cd-e2bd-b223-defc-1dd00f001f9e" executionId="cfda1e41-7aa6-4384-9c06-79e8115b3f32" testListId="8c84fa94-04c1-424b-9868-57a2d4851a1d" />
    <TestEntry testId="a6b768e0-c50d-d05f-9fed-ac69eed202ed" executionId="d5323ca6-1a58-4df0-b1b2-d68ec37de296" testListId="8c84fa94-04c1-424b-9868-57a2d4851a1d" />
    <TestEntry testId="a1609729-15ff-2604-71ee-4ded85a19006" executionId="57933452-ea0b-4088-8ddc-584325145a79" testListId="8c84fa94-04c1-424b-9868-57a2d4851a1d" />
    <TestEntry testId="67e93449-027e-2893-286d-06e25d831d78" executionId="a5edd115-1914-432d-abb3-299b5bb56cbb" testListId="8c84fa94-04c1-424b-9868-57a2d4851a1d" />
    <TestEntry testId="45f35c37-b0be-6181-8bdc-b8eb666d0101" executionId="f19bee93-cb2c-4976-8776-0bf209dcab12" testListId="8c84fa94-04c1-424b-9868-57a2d4851a1d" />
    <TestEntry testId="4e26d802-be23-8fde-f792-53a0e5545c3d" executionId="79bcf2c5-4434-431e-8032-e7f52a515343" testListId="8c84fa94-04c1-424b-9868-57a2d4851a1d" />
    <TestEntry testId="fe2105c2-c62c-f373-8749-24a405b020a1" executionId="75ad678e-a87b-44eb-acf8-5983696e5942" testListId="8c84fa94-04c1-424b-9868-57a2d4851a1d" />
    <TestEntry testId="61857dba-9551-8a7a-62f8-b63d600b26bf" executionId="2f8b9940-a9de-437b-8643-3c9701ffe2f0" testListId="8c84fa94-04c1-424b-9868-57a2d4851a1d" />
    <TestEntry testId="05d8b156-6560-7d47-081f-524b2575693a" executionId="a7e0b7b3-47d0-44c3-af27-3d01bb76ef6a" testListId="8c84fa94-04c1-424b-9868-57a2d4851a1d" />
    <TestEntry testId="f4c7188f-dbc2-5043-343d-3fa677da87d7" executionId="52914a05-098d-4949-9fa6-f6a5b61af175" testListId="8c84fa94-04c1-424b-9868-57a2d4851a1d" />
    <TestEntry testId="5b2e4cc3-7886-2715-8c5b-172afe1c5086" executionId="57c1230e-61d6-41d0-8d54-ad4439c725ce" testListId="8c84fa94-04c1-424b-9868-57a2d4851a1d" />
    <TestEntry testId="8869ed08-73fe-0242-9871-8ff1c9739e12" executionId="7ac5845d-630a-4b38-86dc-48fe11cdc6fe" testListId="8c84fa94-04c1-424b-9868-57a2d4851a1d" />
    <TestEntry testId="73615f54-c980-43f8-23d6-4f25ab8d9e23" executionId="1e7a82a1-5369-498e-a95c-c326f7a1f400" testListId="8c84fa94-04c1-424b-9868-57a2d4851a1d" />
    <TestEntry testId="3bf74cbd-af7a-4af6-8ba1-ad16f1e6b52c" executionId="3e56b4de-fd85-4bab-981f-29c7d305a7f5" testListId="8c84fa94-04c1-424b-9868-57a2d4851a1d" />
    <TestEntry testId="d3af120e-2ea6-4ad1-1f79-f9f49e856c22" executionId="a65cb3e0-4eab-43c0-b6dc-f1a93ae11b28" testListId="8c84fa94-04c1-424b-9868-57a2d4851a1d" />
    <TestEntry testId="2b302fe8-c6d8-2c8c-acf4-6df81dc5b12f" executionId="4b9d11ea-0d07-44b3-8f8a-b26cd60803ff" testListId="8c84fa94-04c1-424b-9868-57a2d4851a1d" />
    <TestEntry testId="d6bf1fbf-8c6f-1261-f1dc-c6559971f95b" executionId="fbbb0c2e-b4f6-49a6-84c8-6942c55afb0b" testListId="8c84fa94-04c1-424b-9868-57a2d4851a1d" />
  </TestEntries>
  <TestLists>
    <TestList name="Results Not in a List" id="8c84fa94-04c1-424b-9868-57a2d4851a1d" />
    <TestList name="All Loaded Results" id="19431567-8539-422a-85d7-44ee4e166bda" />
  </TestLists>
  <ResultSummary outcome="Completed">
    <Counters total="38" executed="38" passed="38" failed="0" error="0" timeout="0" aborted="0" inconclusive="0" passedButRunAborted="0" notRunnable="0" notExecuted="0" disconnected="0" warning="0" completed="0" inProgress="0" pending="0" />
    <Output>
      <StdOut>[xUnit.net 00:00:00.00] xUnit.net VSTest Adapter v3.1.5+1b188a7b0a (64-bit .NET 10.0.4)&#xD;
[xUnit.net 00:00:00.06]   Discovering: MusicFolderTimeFitter.Tests&#xD;
[xUnit.net 00:00:00.09]   Discovered:  MusicFolderTimeFitter.Tests&#xD;
[xUnit.net 00:00:00.11]   Starting:    MusicFolderTimeFitter.Tests&#xD;
[xUnit.net 00:00:00.25]   Finished:    MusicFolderTimeFitter.Tests&#xD;
</StdOut>
    </Output>
    <CollectorDataEntries>
      <Collector agentName="ALDAN_GEN14" uri="datacollector://microsoft/CoverletCodeCoverage/1.0" collectorDisplayName="XPlat code coverage">
        <UriAttachments>
          <UriAttachment>
            <A href="ALDAN_GEN14\coverage.cobertura.xml"></A>
          </UriAttachment>
        </UriAttachments>
      </Collector>
    </CollectorDataEntries>
  </ResultSummary>
</TestRun>